mode: set
subscriptions-final/cmd/web/mailer.go:41.36,42.6 1 0
subscriptions-final/cmd/web/mailer.go:42.6,43.10 1 0
subscriptions-final/cmd/web/mailer.go:44.39,45.53 1 0
subscriptions-final/cmd/web/mailer.go:46.38,47.29 1 0
subscriptions-final/cmd/web/mailer.go:48.30,49.10 1 0
subscriptions-final/cmd/web/mailer.go:54.60,57.24 2 0
subscriptions-final/cmd/web/mailer.go:61.2,61.20 1 0
subscriptions-final/cmd/web/mailer.go:65.2,65.24 1 0
subscriptions-final/cmd/web/mailer.go:69.2,69.30 1 0
subscriptions-final/cmd/web/mailer.go:77.2,77.27 1 0
subscriptions-final/cmd/web/mailer.go:81.2,85.16 3 0
subscriptions-final/cmd/web/mailer.go:90.2,91.16 2 0
subscriptions-final/cmd/web/mailer.go:95.2,106.16 11 0
subscriptions-final/cmd/web/mailer.go:110.2,116.30 5 0
subscriptions-final/cmd/web/mailer.go:122.2,122.32 1 0
subscriptions-final/cmd/web/mailer.go:128.2,129.16 2 0
subscriptions-final/cmd/web/mailer.go:57.24,59.3 1 0
subscriptions-final/cmd/web/mailer.go:61.20,63.3 1 0
subscriptions-final/cmd/web/mailer.go:65.24,67.3 1 0
subscriptions-final/cmd/web/mailer.go:69.30,71.3 1 0
subscriptions-final/cmd/web/mailer.go:77.27,79.3 1 0
subscriptions-final/cmd/web/mailer.go:85.16,87.3 1 0
subscriptions-final/cmd/web/mailer.go:91.16,93.3 1 0
subscriptions-final/cmd/web/mailer.go:106.16,108.3 1 0
subscriptions-final/cmd/web/mailer.go:116.30,117.37 1 0
subscriptions-final/cmd/web/mailer.go:117.37,119.4 1 0
subscriptions-final/cmd/web/mailer.go:122.32,123.45 1 0
subscriptions-final/cmd/web/mailer.go:123.45,125.4 1 0
subscriptions-final/cmd/web/mailer.go:129.16,131.3 1 0
subscriptions-final/cmd/web/mailer.go:134.62,138.16 3 0
subscriptions-final/cmd/web/mailer.go:142.2,143.68 2 0
subscriptions-final/cmd/web/mailer.go:147.2,149.16 3 0
subscriptions-final/cmd/web/mailer.go:153.2,153.30 1 0
subscriptions-final/cmd/web/mailer.go:138.16,140.3 1 0
subscriptions-final/cmd/web/mailer.go:143.68,145.3 1 0
subscriptions-final/cmd/web/mailer.go:149.16,151.3 1 0
subscriptions-final/cmd/web/mailer.go:156.67,160.16 3 0
subscriptions-final/cmd/web/mailer.go:164.2,165.68 2 0
subscriptions-final/cmd/web/mailer.go:169.2,171.26 2 0
subscriptions-final/cmd/web/mailer.go:160.16,162.3 1 0
subscriptions-final/cmd/web/mailer.go:165.68,167.3 1 0
subscriptions-final/cmd/web/mailer.go:174.52,182.16 3 0
subscriptions-final/cmd/web/mailer.go:186.2,187.16 2 0
subscriptions-final/cmd/web/mailer.go:191.2,191.18 1 0
subscriptions-final/cmd/web/mailer.go:182.16,184.3 1 0
subscriptions-final/cmd/web/mailer.go:187.16,189.3 1 0
subscriptions-final/cmd/web/mailer.go:194.56,195.11 1 0
subscriptions-final/cmd/web/mailer.go:196.13,197.33 1 0
subscriptions-final/cmd/web/mailer.go:198.13,199.31 1 0
subscriptions-final/cmd/web/mailer.go:200.14,201.29 1 0
subscriptions-final/cmd/web/mailer.go:202.10,203.33 1 0
subscriptions-final/cmd/web/main.go:26.13,66.2 11 0
subscriptions-final/cmd/web/main.go:68.38,69.6 1 0
subscriptions-final/cmd/web/main.go:69.6,70.10 1 0
subscriptions-final/cmd/web/main.go:71.31,72.29 1 0
subscriptions-final/cmd/web/main.go:73.28,74.10 1 0
subscriptions-final/cmd/web/main.go:79.28,88.16 4 0
subscriptions-final/cmd/web/main.go:88.16,90.3 1 0
subscriptions-final/cmd/web/main.go:94.23,96.17 2 0
subscriptions-final/cmd/web/main.go:99.2,99.13 1 0
subscriptions-final/cmd/web/main.go:96.17,98.3 1 0
subscriptions-final/cmd/web/main.go:104.28,109.6 3 0
subscriptions-final/cmd/web/main.go:109.6,111.17 2 0
subscriptions-final/cmd/web/main.go:118.3,118.18 1 0
subscriptions-final/cmd/web/main.go:122.3,126.11 4 0
subscriptions-final/cmd/web/main.go:111.17,113.4 1 0
subscriptions-final/cmd/web/main.go:113.9,116.4 2 0
subscriptions-final/cmd/web/main.go:118.18,120.4 1 0
subscriptions-final/cmd/web/main.go:132.42,134.16 2 0
subscriptions-final/cmd/web/main.go:138.2,139.16 2 0
subscriptions-final/cmd/web/main.go:143.2,143.16 1 0
subscriptions-final/cmd/web/main.go:134.16,136.3 1 0
subscriptions-final/cmd/web/main.go:139.16,141.3 1 0
subscriptions-final/cmd/web/main.go:147.40,159.2 8 0
subscriptions-final/cmd/web/main.go:163.30,166.36 1 0
subscriptions-final/cmd/web/main.go:171.2,171.18 1 0
subscriptions-final/cmd/web/main.go:166.36,168.4 1 0
subscriptions-final/cmd/web/main.go:174.40,180.2 5 0
subscriptions-final/cmd/web/main.go:182.31,198.2 10 0
subscriptions-final/cmd/web/main.go:200.38,220.2 5 0
subscriptions-final/cmd/web/helpers.go:3.43,6.2 2 0
subscriptions-final/cmd/web/middleware.go:5.64,7.2 1 1
subscriptions-final/cmd/web/middleware.go:9.57,10.71 1 1
subscriptions-final/cmd/web/middleware.go:10.71,11.49 1 0
subscriptions-final/cmd/web/middleware.go:16.3,16.23 1 0
subscriptions-final/cmd/web/middleware.go:11.49,15.4 3 0
subscriptions-final/cmd/web/render.go:26.95,38.29 4 1
subscriptions-final/cmd/web/render.go:42.2,42.15 1 1
subscriptions-final/cmd/web/render.go:46.2,47.16 2 1
subscriptions-final/cmd/web/render.go:53.2,53.67 1 1
subscriptions-final/cmd/web/render.go:38.29,40.3 1 1
subscriptions-final/cmd/web/render.go:42.15,44.3 1 1
subscriptions-final/cmd/web/render.go:47.16,51.3 3 0
subscriptions-final/cmd/web/render.go:53.67,57.3 3 0
subscriptions-final/cmd/web/render.go:60.84,64.28 4 1
subscriptions-final/cmd/web/render.go:73.2,75.11 2 1
subscriptions-final/cmd/web/render.go:64.28,67.10 3 1
subscriptions-final/cmd/web/render.go:67.10,69.4 1 0
subscriptions-final/cmd/web/render.go:69.9,71.4 1 1
subscriptions-final/cmd/web/render.go:78.58,80.2 1 1
subscriptions-final/cmd/web/routes.go:10.42,34.2 14 1
subscriptions-final/cmd/web/routes.go:36.46,44.2 5 1
subscriptions-final/cmd/web/signer.go:15.21,17.2 1 0
subscriptions-final/cmd/web/signer.go:20.50,24.33 3 0
subscriptions-final/cmd/web/signer.go:30.2,33.14 3 0
subscriptions-final/cmd/web/signer.go:24.33,26.3 1 0
subscriptions-final/cmd/web/signer.go:26.8,28.3 1 0
subscriptions-final/cmd/web/signer.go:37.37,41.16 3 0
subscriptions-final/cmd/web/signer.go:47.2,47.13 1 0
subscriptions-final/cmd/web/signer.go:41.16,45.3 1 0
subscriptions-final/cmd/web/signer.go:52.57,58.2 3 0
subscriptions-final/cmd/web/handlers.go:15.69,17.2 1 1
subscriptions-final/cmd/web/handlers.go:19.70,21.2 1 1
subscriptions-final/cmd/web/handlers.go:23.74,28.16 3 1
subscriptions-final/cmd/web/handlers.go:33.2,37.16 4 1
subscriptions-final/cmd/web/handlers.go:44.2,45.16 2 1
subscriptions-final/cmd/web/handlers.go:51.2,51.20 1 0
subscriptions-final/cmd/web/handlers.go:65.2,71.47 4 0
subscriptions-final/cmd/web/handlers.go:28.16,30.3 1 0
subscriptions-final/cmd/web/handlers.go:37.16,41.3 3 0
subscriptions-final/cmd/web/handlers.go:45.16,49.3 3 1
subscriptions-final/cmd/web/handlers.go:51.20,62.3 5 0
subscriptions-final/cmd/web/handlers.go:74.67,80.2 3 0
subscriptions-final/cmd/web/handlers.go:82.73,84.2 1 0
subscriptions-final/cmd/web/handlers.go:86.77,88.16 2 0
subscriptions-final/cmd/web/handlers.go:95.2,105.16 3 0
subscriptions-final/cmd/web/handlers.go:112.2,126.52 7 0
subscriptions-final/cmd/web/handlers.go:88.16,90.3 1 0
subscriptions-final/cmd/web/handlers.go:105.16,109.3 3 0
subscriptions-final/cmd/web/handlers.go:129.76,135.11 4 0
subscriptions-final/cmd/web/handlers.go:142.2,143.16 2 0
subscriptions-final/cmd/web/handlers.go:149.2,151.16 3 0
subscriptions-final/cmd/web/handlers.go:157.2,158.52 2 0
subscriptions-final/cmd/web/handlers.go:135.11,139.3 3 0
subscriptions-final/cmd/web/handlers.go:143.16,147.3 3 0
subscriptions-final/cmd/web/handlers.go:151.16,155.3 3 0
subscriptions-final/cmd/web/handlers.go:161.76,166.16 3 0
subscriptions-final/cmd/web/handlers.go:169.2,172.16 3 0
subscriptions-final/cmd/web/handlers.go:178.2,179.9 2 0
subscriptions-final/cmd/web/handlers.go:186.2,187.12 2 0
subscriptions-final/cmd/web/handlers.go:207.2,208.12 2 0
subscriptions-final/cmd/web/handlers.go:234.2,235.16 2 0
subscriptions-final/cmd/web/handlers.go:241.2,242.16 2 0
subscriptions-final/cmd/web/handlers.go:248.2,252.60 3 0
subscriptions-final/cmd/web/handlers.go:166.16,168.3 1 0
subscriptions-final/cmd/web/handlers.go:172.16,176.3 3 0
subscriptions-final/cmd/web/handlers.go:179.9,183.3 3 0
subscriptions-final/cmd/web/handlers.go:187.12,191.17 3 0
subscriptions-final/cmd/web/handlers.go:196.3,203.21 2 0
subscriptions-final/cmd/web/handlers.go:191.17,194.4 1 0
subscriptions-final/cmd/web/handlers.go:208.12,214.17 4 0
subscriptions-final/cmd/web/handlers.go:219.3,227.21 2 0
subscriptions-final/cmd/web/handlers.go:214.17,217.4 2 0
subscriptions-final/cmd/web/handlers.go:235.16,239.3 3 0
subscriptions-final/cmd/web/handlers.go:242.16,246.3 3 0
subscriptions-final/cmd/web/handlers.go:255.78,278.2 14 0
subscriptions-final/cmd/web/handlers.go:280.80,283.2 1 0
subscriptions-final/cmd/web/handlers.go:285.79,287.16 2 0
subscriptions-final/cmd/web/handlers.go:292.2,297.4 3 0
subscriptions-final/cmd/web/handlers.go:287.16,290.3 2 0
